Analysis & Synthesis report for lab3
Sun Apr 05 13:26:40 2026
Quartus II 64-Bit Version 13.0.1 Build 232 06/12/2013 Service Pack 1 SJ Web Edition


---------------------
; Table of Contents ;
---------------------
  1. Legal Notice
  2. Analysis & Synthesis Summary
  3. Analysis & Synthesis Settings
  4. Parallel Compilation
  5. Analysis & Synthesis Source Files Read
  6. Analysis & Synthesis Resource Usage Summary
  7. Analysis & Synthesis Resource Utilization by Entity
  8. General Register Statistics
  9. Multiplexer Restructuring Statistics (Restructuring Performed)
 10. Elapsed Time Per Partition
 11. Analysis & Synthesis Messages



----------------
; Legal Notice ;
----------------
Copyright (C) 1991-2013 Altera Corporation
Your use of Altera Corporation's design tools, logic functions 
and other software and tools, and its AMPP partner logic 
functions, and any output files from any of the foregoing 
(including device programming or simulation files), and any 
associated documentation or information are expressly subject 
to the terms and conditions of the Altera Program License 
Subscription Agreement, Altera MegaCore Function License 
Agreement, or other applicable license agreement, including, 
without limitation, that your use is for the sole purpose of 
programming logic devices manufactured by Altera and sold by 
Altera or its authorized distributors.  Please refer to the 
applicable agreement for further details.



+--------------------------------------------------------------------------------------+
; Analysis & Synthesis Summary                                                         ;
+------------------------------------+-------------------------------------------------+
; Analysis & Synthesis Status        ; Successful - Sun Apr 05 13:26:40 2026           ;
; Quartus II 64-Bit Version          ; 13.0.1 Build 232 06/12/2013 SP 1 SJ Web Edition ;
; Revision Name                      ; lab3                                            ;
; Top-level Entity Name              ; PROCESSORREAL                                   ;
; Family                             ; Cyclone II                                      ;
; Total logic elements               ; 522                                             ;
;     Total combinational functions  ; 409                                             ;
;     Dedicated logic registers      ; 161                                             ;
; Total registers                    ; 161                                             ;
; Total pins                         ; 69                                              ;
; Total virtual pins                 ; 0                                               ;
; Total memory bits                  ; 0                                               ;
; Embedded Multiplier 9-bit elements ; 0                                               ;
; Total PLLs                         ; 0                                               ;
+------------------------------------+-------------------------------------------------+


+----------------------------------------------------------------------------------------------------------------------+
; Analysis & Synthesis Settings                                                                                        ;
+----------------------------------------------------------------------------+--------------------+--------------------+
; Option                                                                     ; Setting            ; Default Value      ;
+----------------------------------------------------------------------------+--------------------+--------------------+
; Device                                                                     ; EP2C35F672C6       ;                    ;
; Top-level entity name                                                      ; PROCESSORREAL      ; lab3               ;
; Family name                                                                ; Cyclone II         ; Cyclone IV GX      ;
; Use smart compilation                                                      ; Off                ; Off                ;
; Enable parallel Assembler and TimeQuest Timing Analyzer during compilation ; On                 ; On                 ;
; Enable compact report table                                                ; Off                ; Off                ;
; Restructure Multiplexers                                                   ; Auto               ; Auto               ;
; Create Debugging Nodes for IP Cores                                        ; Off                ; Off                ;
; Preserve fewer node names                                                  ; On                 ; On                 ;
; Disable OpenCore Plus hardware evaluation                                  ; Off                ; Off                ;
; Verilog Version                                                            ; Verilog_2001       ; Verilog_2001       ;
; VHDL Version                                                               ; VHDL_1993          ; VHDL_1993          ;
; State Machine Processing                                                   ; Auto               ; Auto               ;
; Safe State Machine                                                         ; Off                ; Off                ;
; Extract Verilog State Machines                                             ; On                 ; On                 ;
; Extract VHDL State Machines                                                ; On                 ; On                 ;
; Ignore Verilog initial constructs                                          ; Off                ; Off                ;
; Iteration limit for constant Verilog loops                                 ; 5000               ; 5000               ;
; Iteration limit for non-constant Verilog loops                             ; 250                ; 250                ;
; Add Pass-Through Logic to Inferred RAMs                                    ; On                 ; On                 ;
; Infer RAMs from Raw Logic                                                  ; On                 ; On                 ;
; Parallel Synthesis                                                         ; On                 ; On                 ;
; DSP Block Balancing                                                        ; Auto               ; Auto               ;
; NOT Gate Push-Back                                                         ; On                 ; On                 ;
; Power-Up Don't Care                                                        ; On                 ; On                 ;
; Remove Redundant Logic Cells                                               ; Off                ; Off                ;
; Remove Duplicate Registers                                                 ; On                 ; On                 ;
; Ignore CARRY Buffers                                                       ; Off                ; Off                ;
; Ignore CASCADE Buffers                                                     ; Off                ; Off                ;
; Ignore GLOBAL Buffers                                                      ; Off                ; Off                ;
; Ignore ROW GLOBAL Buffers                                                  ; Off                ; Off                ;
; Ignore LCELL Buffers                                                       ; Off                ; Off                ;
; Ignore SOFT Buffers                                                        ; On                 ; On                 ;
; Limit AHDL Integers to 32 Bits                                             ; Off                ; Off                ;
; Optimization Technique                                                     ; Balanced           ; Balanced           ;
; Carry Chain Length                                                         ; 70                 ; 70                 ;
; Auto Carry Chains                                                          ; On                 ; On                 ;
; Auto Open-Drain Pins                                                       ; On                 ; On                 ;
; Perform WYSIWYG Primitive Resynthesis                                      ; Off                ; Off                ;
; Auto ROM Replacement                                                       ; On                 ; On                 ;
; Auto RAM Replacement                                                       ; On                 ; On                 ;
; Auto Shift Register Replacement                                            ; Auto               ; Auto               ;
; Allow Shift Register Merging across Hierarchies                            ; Auto               ; Auto               ;
; Auto Clock Enable Replacement                                              ; On                 ; On                 ;
; Strict RAM Replacement                                                     ; Off                ; Off                ;
; Allow Synchronous Control Signals                                          ; On                 ; On                 ;
; Force Use of Synchronous Clear Signals                                     ; Off                ; Off                ;
; Auto RAM to Logic Cell Conversion                                          ; Off                ; Off                ;
; Auto Resource Sharing                                                      ; Off                ; Off                ;
; Allow Any RAM Size For Recognition                                         ; Off                ; Off                ;
; Allow Any ROM Size For Recognition                                         ; Off                ; Off                ;
; Allow Any Shift Register Size For Recognition                              ; Off                ; Off                ;
; Use LogicLock Constraints during Resource Balancing                        ; On                 ; On                 ;
; Ignore translate_off and synthesis_off directives                          ; Off                ; Off                ;
; Timing-Driven Synthesis                                                    ; Off                ; Off                ;
; Report Parameter Settings                                                  ; On                 ; On                 ;
; Report Source Assignments                                                  ; On                 ; On                 ;
; Report Connectivity Checks                                                 ; On                 ; On                 ;
; Ignore Maximum Fan-Out Assignments                                         ; Off                ; Off                ;
; Synchronization Register Chain Length                                      ; 2                  ; 2                  ;
; PowerPlay Power Optimization                                               ; Normal compilation ; Normal compilation ;
; HDL message level                                                          ; Level2             ; Level2             ;
; Suppress Register Optimization Related Messages                            ; Off                ; Off                ;
; Number of Removed Registers Reported in Synthesis Report                   ; 5000               ; 5000               ;
; Number of Swept Nodes Reported in Synthesis Report                         ; 5000               ; 5000               ;
; Number of Inverted Registers Reported in Synthesis Report                  ; 100                ; 100                ;
; Clock MUX Protection                                                       ; On                 ; On                 ;
; Auto Gated Clock Conversion                                                ; Off                ; Off                ;
; Block Design Naming                                                        ; Auto               ; Auto               ;
; SDC constraint protection                                                  ; Off                ; Off                ;
; Synthesis Effort                                                           ; Auto               ; Auto               ;
; Shift Register Replacement - Allow Asynchronous Clear Signal               ; On                 ; On                 ;
; Pre-Mapping Resynthesis Optimization                                       ; Off                ; Off                ;
; Analysis & Synthesis Message Level                                         ; Medium             ; Medium             ;
; Disable Register Merging Across Hierarchies                                ; Auto               ; Auto               ;
; Resource Aware Inference For Block RAM                                     ; On                 ; On                 ;
; Synthesis Seed                                                             ; 1                  ; 1                  ;
+----------------------------------------------------------------------------+--------------------+--------------------+


+------------------------------------------+
; Parallel Compilation                     ;
+----------------------------+-------------+
; Processors                 ; Number      ;
+----------------------------+-------------+
; Number detected on machine ; 12          ;
; Maximum allowed            ; 12          ;
;                            ;             ;
; Average used               ; 1.00        ;
; Maximum used               ; 1           ;
;                            ;             ;
; Usage by Processor         ; % Time Used ;
;     Processor 1            ; 100.0%      ;
;     Processors 2-12        ;   0.0%      ;
+----------------------------+-------------+


+-------------------------------------------------------------------------------------------------------------------------------------------------------------------------+
; Analysis & Synthesis Source Files Read                                                                                                                                  ;
+----------------------------------+-----------------+------------------------------------------+---------------------------------------------------------------+---------+
; File Name with User-Entered Path ; Used in Netlist ; File Type                                ; File Name with Absolute Path                                  ; Library ;
+----------------------------------+-----------------+------------------------------------------+---------------------------------------------------------------+---------+
; REGISTERFILE.bdf                 ; yes             ; User Block Diagram/Schematic File        ; D:/lab3_ce118/REGISTERFILE.bdf                                ;         ;
; fa1bit.bdf                       ; yes             ; User Block Diagram/Schematic File        ; D:/lab3_ce118/fa1bit.bdf                                      ;         ;
; mux2116.bdf                      ; yes             ; User Block Diagram/Schematic File        ; D:/lab3_ce118/mux2116.bdf                                     ;         ;
; mux4116.bdf                      ; yes             ; User Block Diagram/Schematic File        ; D:/lab3_ce118/mux4116.bdf                                     ;         ;
; AU.bdf                           ; yes             ; User Block Diagram/Schematic File        ; D:/lab3_ce118/AU.bdf                                          ;         ;
; LU.bdf                           ; yes             ; User Block Diagram/Schematic File        ; D:/lab3_ce118/LU.bdf                                          ;         ;
; ALU.bdf                          ; yes             ; User Block Diagram/Schematic File        ; D:/lab3_ce118/ALU.bdf                                         ;         ;
; RFC.bdf                          ; yes             ; User Block Diagram/Schematic File        ; D:/lab3_ce118/RFC.bdf                                         ;         ;
; decoder3to8.bdf                  ; yes             ; User Block Diagram/Schematic File        ; D:/lab3_ce118/decoder3to8.bdf                                 ;         ;
; RFC8x16.bdf                      ; yes             ; User Block Diagram/Schematic File        ; D:/lab3_ce118/RFC8x16.bdf                                     ;         ;
; RFC8X16REAL.bdf                  ; yes             ; User Block Diagram/Schematic File        ; D:/lab3_ce118/RFC8X16REAL.bdf                                 ;         ;
; shilftleft.bdf                   ; yes             ; User Block Diagram/Schematic File        ; D:/lab3_ce118/shilftleft.bdf                                  ;         ;
; REG16BIT.bdf                     ; yes             ; User Block Diagram/Schematic File        ; D:/lab3_ce118/REG16BIT.bdf                                    ;         ;
; Datapath.bdf                     ; yes             ; User Block Diagram/Schematic File        ; D:/lab3_ce118/Datapath.bdf                                    ;         ;
; ZERO.bdf                         ; yes             ; User Block Diagram/Schematic File        ; D:/lab3_ce118/ZERO.bdf                                        ;         ;
; LENHCOBAN.bdf                    ; yes             ; User Block Diagram/Schematic File        ; D:/lab3_ce118/LENHCOBAN.bdf                                   ;         ;
; LENHMORONG.bdf                   ; yes             ; User Block Diagram/Schematic File        ; D:/lab3_ce118/LENHMORONG.bdf                                  ;         ;
; CONTROLLERREAL.bdf               ; yes             ; User Block Diagram/Schematic File        ; D:/lab3_ce118/CONTROLLERREAL.bdf                              ;         ;
; MUX213BIT.bdf                    ; yes             ; User Block Diagram/Schematic File        ; D:/lab3_ce118/MUX213BIT.bdf                                   ;         ;
; PC.bdf                           ; yes             ; User Block Diagram/Schematic File        ; D:/lab3_ce118/PC.bdf                                          ;         ;
; processorreal.bdf                ; yes             ; Auto-Found Block Diagram/Schematic File  ; D:/lab3_ce118/processorreal.bdf                               ;         ;
; 21mux.bdf                        ; yes             ; Megafunction                             ; c:/altera/13.0sp1/quartus/libraries/others/maxplus2/21mux.bdf ;         ;
+----------------------------------+-----------------+------------------------------------------+---------------------------------------------------------------+---------+


+-----------------------------------------------------+
; Analysis & Synthesis Resource Usage Summary         ;
+---------------------------------------------+-------+
; Resource                                    ; Usage ;
+---------------------------------------------+-------+
; Estimated Total logic elements              ; 522   ;
;                                             ;       ;
; Total combinational functions               ; 409   ;
; Logic element usage by number of LUT inputs ;       ;
;     -- 4 input functions                    ; 302   ;
;     -- 3 input functions                    ; 83    ;
;     -- <=2 input functions                  ; 24    ;
;                                             ;       ;
; Logic elements by mode                      ;       ;
;     -- normal mode                          ; 409   ;
;     -- arithmetic mode                      ; 0     ;
;                                             ;       ;
; Total registers                             ; 161   ;
;     -- Dedicated logic registers            ; 161   ;
;     -- I/O registers                        ; 0     ;
;                                             ;       ;
; I/O pins                                    ; 69    ;
; Embedded Multiplier 9-bit elements          ; 0     ;
; Maximum fan-out node                        ; CLK   ;
; Maximum fan-out                             ; 161   ;
; Total fan-out                               ; 2019  ;
; Average fan-out                             ; 3.16  ;
+---------------------------------------------+-------+


+-------------------------------------------------------------------------------------------------------------------------------------------------------------------------------------------------------------------------------------------------------+
; Analysis & Synthesis Resource Utilization by Entity                                                                                                                                                                                                   ;
+-------------------------------+-------------------+--------------+-------------+--------------+---------+-----------+------+--------------+--------------------------------------------------------------------------------------------+--------------+
; Compilation Hierarchy Node    ; LC Combinationals ; LC Registers ; Memory Bits ; DSP Elements ; DSP 9x9 ; DSP 18x18 ; Pins ; Virtual Pins ; Full Hierarchy Name                                                                        ; Library Name ;
+-------------------------------+-------------------+--------------+-------------+--------------+---------+-----------+------+--------------+--------------------------------------------------------------------------------------------+--------------+
; |PROCESSORREAL                ; 409 (0)           ; 161 (0)      ; 0           ; 0            ; 0       ; 0         ; 69   ; 0            ; |PROCESSORREAL                                                                             ; work         ;
;    |CONTROLLERREAL:inst3|     ; 14 (10)           ; 0 (0)        ; 0           ; 0            ; 0       ; 0         ; 0    ; 0            ; |PROCESSORREAL|CONTROLLERREAL:inst3                                                        ; work         ;
;       |MUX213BIT:inst111|     ; 2 (2)             ; 0 (0)        ; 0           ; 0            ; 0       ; 0         ; 0    ; 0            ; |PROCESSORREAL|CONTROLLERREAL:inst3|MUX213BIT:inst111                                      ; work         ;
;       |MUX213BIT:inst1|       ; 2 (2)             ; 0 (0)        ; 0           ; 0            ; 0       ; 0         ; 0    ; 0            ; |PROCESSORREAL|CONTROLLERREAL:inst3|MUX213BIT:inst1                                        ; work         ;
;    |Datapath:inst|            ; 356 (0)           ; 145 (1)      ; 0           ; 0            ; 0       ; 0         ; 0    ; 0            ; |PROCESSORREAL|Datapath:inst                                                               ; work         ;
;       |ALU:inst8|             ; 99 (0)            ; 0 (0)        ; 0           ; 0            ; 0       ; 0         ; 0    ; 0            ; |PROCESSORREAL|Datapath:inst|ALU:inst8                                                     ; work         ;
;          |AU:inst|            ; 38 (0)            ; 0 (0)        ; 0           ; 0            ; 0       ; 0         ; 0    ; 0            ; |PROCESSORREAL|Datapath:inst|ALU:inst8|AU:inst                                             ; work         ;
;             |fa1bit:inst12|   ; 2 (2)             ; 0 (0)        ; 0           ; 0            ; 0       ; 0         ; 0    ; 0            ; |PROCESSORREAL|Datapath:inst|ALU:inst8|AU:inst|fa1bit:inst12                               ; work         ;
;             |fa1bit:inst13|   ; 1 (1)             ; 0 (0)        ; 0           ; 0            ; 0       ; 0         ; 0    ; 0            ; |PROCESSORREAL|Datapath:inst|ALU:inst8|AU:inst|fa1bit:inst13                               ; work         ;
;             |fa1bit:inst14|   ; 2 (2)             ; 0 (0)        ; 0           ; 0            ; 0       ; 0         ; 0    ; 0            ; |PROCESSORREAL|Datapath:inst|ALU:inst8|AU:inst|fa1bit:inst14                               ; work         ;
;             |fa1bit:inst15|   ; 1 (1)             ; 0 (0)        ; 0           ; 0            ; 0       ; 0         ; 0    ; 0            ; |PROCESSORREAL|Datapath:inst|ALU:inst8|AU:inst|fa1bit:inst15                               ; work         ;
;             |fa1bit:inst16|   ; 1 (1)             ; 0 (0)        ; 0           ; 0            ; 0       ; 0         ; 0    ; 0            ; |PROCESSORREAL|Datapath:inst|ALU:inst8|AU:inst|fa1bit:inst16                               ; work         ;
;             |fa1bit:inst17|   ; 2 (2)             ; 0 (0)        ; 0           ; 0            ; 0       ; 0         ; 0    ; 0            ; |PROCESSORREAL|Datapath:inst|ALU:inst8|AU:inst|fa1bit:inst17                               ; work         ;
;             |fa1bit:inst18|   ; 2 (2)             ; 0 (0)        ; 0           ; 0            ; 0       ; 0         ; 0    ; 0            ; |PROCESSORREAL|Datapath:inst|ALU:inst8|AU:inst|fa1bit:inst18                               ; work         ;
;             |fa1bit:inst19|   ; 1 (1)             ; 0 (0)        ; 0           ; 0            ; 0       ; 0         ; 0    ; 0            ; |PROCESSORREAL|Datapath:inst|ALU:inst8|AU:inst|fa1bit:inst19                               ; work         ;
;             |fa1bit:inst20|   ; 2 (2)             ; 0 (0)        ; 0           ; 0            ; 0       ; 0         ; 0    ; 0            ; |PROCESSORREAL|Datapath:inst|ALU:inst8|AU:inst|fa1bit:inst20                               ; work         ;
;             |fa1bit:inst21|   ; 1 (1)             ; 0 (0)        ; 0           ; 0            ; 0       ; 0         ; 0    ; 0            ; |PROCESSORREAL|Datapath:inst|ALU:inst8|AU:inst|fa1bit:inst21                               ; work         ;
;             |fa1bit:inst22|   ; 1 (1)             ; 0 (0)        ; 0           ; 0            ; 0       ; 0         ; 0    ; 0            ; |PROCESSORREAL|Datapath:inst|ALU:inst8|AU:inst|fa1bit:inst22                               ; work         ;
;             |fa1bit:inst23|   ; 1 (1)             ; 0 (0)        ; 0           ; 0            ; 0       ; 0         ; 0    ; 0            ; |PROCESSORREAL|Datapath:inst|ALU:inst8|AU:inst|fa1bit:inst23                               ; work         ;
;             |fa1bit:inst24|   ; 2 (2)             ; 0 (0)        ; 0           ; 0            ; 0       ; 0         ; 0    ; 0            ; |PROCESSORREAL|Datapath:inst|ALU:inst8|AU:inst|fa1bit:inst24                               ; work         ;
;             |fa1bit:inst2|    ; 1 (1)             ; 0 (0)        ; 0           ; 0            ; 0       ; 0         ; 0    ; 0            ; |PROCESSORREAL|Datapath:inst|ALU:inst8|AU:inst|fa1bit:inst2                                ; work         ;
;             |fa1bit:inst3|    ; 1 (1)             ; 0 (0)        ; 0           ; 0            ; 0       ; 0         ; 0    ; 0            ; |PROCESSORREAL|Datapath:inst|ALU:inst8|AU:inst|fa1bit:inst3                                ; work         ;
;             |fa1bit:inst|     ; 2 (2)             ; 0 (0)        ; 0           ; 0            ; 0       ; 0         ; 0    ; 0            ; |PROCESSORREAL|Datapath:inst|ALU:inst8|AU:inst|fa1bit:inst                                 ; work         ;
;             |mux4116:inst5|   ; 15 (0)            ; 0 (0)        ; 0           ; 0            ; 0       ; 0         ; 0    ; 0            ; |PROCESSORREAL|Datapath:inst|ALU:inst8|AU:inst|mux4116:inst5                               ; work         ;
;                |mux2116:inst| ; 15 (15)           ; 0 (0)        ; 0           ; 0            ; 0       ; 0         ; 0    ; 0            ; |PROCESSORREAL|Datapath:inst|ALU:inst8|AU:inst|mux4116:inst5|mux2116:inst                  ; work         ;
;          |LU:inst1|           ; 7 (0)             ; 0 (0)        ; 0           ; 0            ; 0       ; 0         ; 0    ; 0            ; |PROCESSORREAL|Datapath:inst|ALU:inst8|LU:inst1                                            ; work         ;
;             |mux4116:inst|    ; 7 (0)             ; 0 (0)        ; 0           ; 0            ; 0       ; 0         ; 0    ; 0            ; |PROCESSORREAL|Datapath:inst|ALU:inst8|LU:inst1|mux4116:inst                               ; work         ;
;                |mux2116:inst| ; 7 (7)             ; 0 (0)        ; 0           ; 0            ; 0       ; 0         ; 0    ; 0            ; |PROCESSORREAL|Datapath:inst|ALU:inst8|LU:inst1|mux4116:inst|mux2116:inst                  ; work         ;
;          |mux2116:inst2|      ; 54 (54)           ; 0 (0)        ; 0           ; 0            ; 0       ; 0         ; 0    ; 0            ; |PROCESSORREAL|Datapath:inst|ALU:inst8|mux2116:inst2                                       ; work         ;
;       |REG16BIT:inst5|        ; 0 (0)             ; 16 (16)      ; 0           ; 0            ; 0       ; 0         ; 0    ; 0            ; |PROCESSORREAL|Datapath:inst|REG16BIT:inst5                                                ; work         ;
;       |REGISTERFILE:inst2|    ; 202 (0)           ; 128 (0)      ; 0           ; 0            ; 0       ; 0         ; 0    ; 0            ; |PROCESSORREAL|Datapath:inst|REGISTERFILE:inst2                                            ; work         ;
;          |RFC8X16REAL:inst|   ; 192 (192)         ; 128 (0)      ; 0           ; 0            ; 0       ; 0         ; 0    ; 0            ; |PROCESSORREAL|Datapath:inst|REGISTERFILE:inst2|RFC8X16REAL:inst                           ; work         ;
;             |RFC8x16:inst1|   ; 0 (0)             ; 16 (0)       ; 0           ; 0            ; 0       ; 0         ; 0    ; 0            ; |PROCESSORREAL|Datapath:inst|REGISTERFILE:inst2|RFC8X16REAL:inst|RFC8x16:inst1             ; work         ;
;                |RFC:inst10|   ; 0 (0)             ; 1 (1)        ; 0           ; 0            ; 0       ; 0         ; 0    ; 0            ; |PROCESSORREAL|Datapath:inst|REGISTERFILE:inst2|RFC8X16REAL:inst|RFC8x16:inst1|RFC:inst10  ; work         ;
;                |RFC:inst11|   ; 0 (0)             ; 1 (1)        ; 0           ; 0            ; 0       ; 0         ; 0    ; 0            ; |PROCESSORREAL|Datapath:inst|REGISTERFILE:inst2|RFC8X16REAL:inst|RFC8x16:inst1|RFC:inst11  ; work         ;
;                |RFC:inst12|   ; 0 (0)             ; 1 (1)        ; 0           ; 0            ; 0       ; 0         ; 0    ; 0            ; |PROCESSORREAL|Datapath:inst|REGISTERFILE:inst2|RFC8X16REAL:inst|RFC8x16:inst1|RFC:inst12  ; work         ;
;                |RFC:inst13|   ; 0 (0)             ; 1 (1)        ; 0           ; 0            ; 0       ; 0         ; 0    ; 0            ; |PROCESSORREAL|Datapath:inst|REGISTERFILE:inst2|RFC8X16REAL:inst|RFC8x16:inst1|RFC:inst13  ; work         ;
;                |RFC:inst14|   ; 0 (0)             ; 1 (1)        ; 0           ; 0            ; 0       ; 0         ; 0    ; 0            ; |PROCESSORREAL|Datapath:inst|REGISTERFILE:inst2|RFC8X16REAL:inst|RFC8x16:inst1|RFC:inst14  ; work         ;
;                |RFC:inst15|   ; 0 (0)             ; 1 (1)        ; 0           ; 0            ; 0       ; 0         ; 0    ; 0            ; |PROCESSORREAL|Datapath:inst|REGISTERFILE:inst2|RFC8X16REAL:inst|RFC8x16:inst1|RFC:inst15  ; work         ;
;                |RFC:inst1|    ; 0 (0)             ; 1 (1)        ; 0           ; 0            ; 0       ; 0         ; 0    ; 0            ; |PROCESSORREAL|Datapath:inst|REGISTERFILE:inst2|RFC8X16REAL:inst|RFC8x16:inst1|RFC:inst1   ; work         ;
;                |RFC:inst2|    ; 0 (0)             ; 1 (1)        ; 0           ; 0            ; 0       ; 0         ; 0    ; 0            ; |PROCESSORREAL|Datapath:inst|REGISTERFILE:inst2|RFC8X16REAL:inst|RFC8x16:inst1|RFC:inst2   ; work         ;
;                |RFC:inst3|    ; 0 (0)             ; 1 (1)        ; 0           ; 0            ; 0       ; 0         ; 0    ; 0            ; |PROCESSORREAL|Datapath:inst|REGISTERFILE:inst2|RFC8X16REAL:inst|RFC8x16:inst1|RFC:inst3   ; work         ;
;                |RFC:inst4|    ; 0 (0)             ; 1 (1)        ; 0           ; 0            ; 0       ; 0         ; 0    ; 0            ; |PROCESSORREAL|Datapath:inst|REGISTERFILE:inst2|RFC8X16REAL:inst|RFC8x16:inst1|RFC:inst4   ; work         ;
;                |RFC:inst5|    ; 0 (0)             ; 1 (1)        ; 0           ; 0            ; 0       ; 0         ; 0    ; 0            ; |PROCESSORREAL|Datapath:inst|REGISTERFILE:inst2|RFC8X16REAL:inst|RFC8x16:inst1|RFC:inst5   ; work         ;
;                |RFC:inst6|    ; 0 (0)             ; 1 (1)        ; 0           ; 0            ; 0       ; 0         ; 0    ; 0            ; |PROCESSORREAL|Datapath:inst|REGISTERFILE:inst2|RFC8X16REAL:inst|RFC8x16:inst1|RFC:inst6   ; work         ;
;                |RFC:inst7|    ; 0 (0)             ; 1 (1)        ; 0           ; 0            ; 0       ; 0         ; 0    ; 0            ; |PROCESSORREAL|Datapath:inst|REGISTERFILE:inst2|RFC8X16REAL:inst|RFC8x16:inst1|RFC:inst7   ; work         ;
;                |RFC:inst8|    ; 0 (0)             ; 1 (1)        ; 0           ; 0            ; 0       ; 0         ; 0    ; 0            ; |PROCESSORREAL|Datapath:inst|REGISTERFILE:inst2|RFC8X16REAL:inst|RFC8x16:inst1|RFC:inst8   ; work         ;
;                |RFC:inst9|    ; 0 (0)             ; 1 (1)        ; 0           ; 0            ; 0       ; 0         ; 0    ; 0            ; |PROCESSORREAL|Datapath:inst|REGISTERFILE:inst2|RFC8X16REAL:inst|RFC8x16:inst1|RFC:inst9   ; work         ;
;                |RFC:inst|     ; 0 (0)             ; 1 (1)        ; 0           ; 0            ; 0       ; 0         ; 0    ; 0            ; |PROCESSORREAL|Datapath:inst|REGISTERFILE:inst2|RFC8X16REAL:inst|RFC8x16:inst1|RFC:inst    ; work         ;
;             |RFC8x16:inst2|   ; 0 (0)             ; 16 (0)       ; 0           ; 0            ; 0       ; 0         ; 0    ; 0            ; |PROCESSORREAL|Datapath:inst|REGISTERFILE:inst2|RFC8X16REAL:inst|RFC8x16:inst2             ; work         ;
;                |RFC:inst10|   ; 0 (0)             ; 1 (1)        ; 0           ; 0            ; 0       ; 0         ; 0    ; 0            ; |PROCESSORREAL|Datapath:inst|REGISTERFILE:inst2|RFC8X16REAL:inst|RFC8x16:inst2|RFC:inst10  ; work         ;
;                |RFC:inst11|   ; 0 (0)             ; 1 (1)        ; 0           ; 0            ; 0       ; 0         ; 0    ; 0            ; |PROCESSORREAL|Datapath:inst|REGISTERFILE:inst2|RFC8X16REAL:inst|RFC8x16:inst2|RFC:inst11  ; work         ;
;                |RFC:inst12|   ; 0 (0)             ; 1 (1)        ; 0           ; 0            ; 0       ; 0         ; 0    ; 0            ; |PROCESSORREAL|Datapath:inst|REGISTERFILE:inst2|RFC8X16REAL:inst|RFC8x16:inst2|RFC:inst12  ; work         ;
;                |RFC:inst13|   ; 0 (0)             ; 1 (1)        ; 0           ; 0            ; 0       ; 0         ; 0    ; 0            ; |PROCESSORREAL|Datapath:inst|REGISTERFILE:inst2|RFC8X16REAL:inst|RFC8x16:inst2|RFC:inst13  ; work         ;
;                |RFC:inst14|   ; 0 (0)             ; 1 (1)        ; 0           ; 0            ; 0       ; 0         ; 0    ; 0            ; |PROCESSORREAL|Datapath:inst|REGISTERFILE:inst2|RFC8X16REAL:inst|RFC8x16:inst2|RFC:inst14  ; work         ;
;                |RFC:inst15|   ; 0 (0)             ; 1 (1)        ; 0           ; 0            ; 0       ; 0         ; 0    ; 0            ; |PROCESSORREAL|Datapath:inst|REGISTERFILE:inst2|RFC8X16REAL:inst|RFC8x16:inst2|RFC:inst15  ; work         ;
;                |RFC:inst1|    ; 0 (0)             ; 1 (1)        ; 0           ; 0            ; 0       ; 0         ; 0    ; 0            ; |PROCESSORREAL|Datapath:inst|REGISTERFILE:inst2|RFC8X16REAL:inst|RFC8x16:inst2|RFC:inst1   ; work         ;
;                |RFC:inst2|    ; 0 (0)             ; 1 (1)        ; 0           ; 0            ; 0       ; 0         ; 0    ; 0            ; |PROCESSORREAL|Datapath:inst|REGISTERFILE:inst2|RFC8X16REAL:inst|RFC8x16:inst2|RFC:inst2   ; work         ;
;                |RFC:inst3|    ; 0 (0)             ; 1 (1)        ; 0           ; 0            ; 0       ; 0         ; 0    ; 0            ; |PROCESSORREAL|Datapath:inst|REGISTERFILE:inst2|RFC8X16REAL:inst|RFC8x16:inst2|RFC:inst3   ; work         ;
;                |RFC:inst4|    ; 0 (0)             ; 1 (1)        ; 0           ; 0            ; 0       ; 0         ; 0    ; 0            ; |PROCESSORREAL|Datapath:inst|REGISTERFILE:inst2|RFC8X16REAL:inst|RFC8x16:inst2|RFC:inst4   ; work         ;
;                |RFC:inst5|    ; 0 (0)             ; 1 (1)        ; 0           ; 0            ; 0       ; 0         ; 0    ; 0            ; |PROCESSORREAL|Datapath:inst|REGISTERFILE:inst2|RFC8X16REAL:inst|RFC8x16:inst2|RFC:inst5   ; work         ;
;                |RFC:inst6|    ; 0 (0)             ; 1 (1)        ; 0           ; 0            ; 0       ; 0         ; 0    ; 0            ; |PROCESSORREAL|Datapath:inst|REGISTERFILE:inst2|RFC8X16REAL:inst|RFC8x16:inst2|RFC:inst6   ; work         ;
;                |RFC:inst7|    ; 0 (0)             ; 1 (1)        ; 0           ; 0            ; 0       ; 0         ; 0    ; 0            ; |PROCESSORREAL|Datapath:inst|REGISTERFILE:inst2|RFC8X16REAL:inst|RFC8x16:inst2|RFC:inst7   ; work         ;
;                |RFC:inst8|    ; 0 (0)             ; 1 (1)        ; 0           ; 0            ; 0       ; 0         ; 0    ; 0            ; |PROCESSORREAL|Datapath:inst|REGISTERFILE:inst2|RFC8X16REAL:inst|RFC8x16:inst2|RFC:inst8   ; work         ;
;                |RFC:inst9|    ; 0 (0)             ; 1 (1)        ; 0           ; 0            ; 0       ; 0         ; 0    ; 0            ; |PROCESSORREAL|Datapath:inst|REGISTERFILE:inst2|RFC8X16REAL:inst|RFC8x16:inst2|RFC:inst9   ; work         ;
;                |RFC:inst|     ; 0 (0)             ; 1 (1)        ; 0           ; 0            ; 0       ; 0         ; 0    ; 0            ; |PROCESSORREAL|Datapath:inst|REGISTERFILE:inst2|RFC8X16REAL:inst|RFC8x16:inst2|RFC:inst    ; work         ;
;             |RFC8x16:inst3|   ; 0 (0)             ; 16 (0)       ; 0           ; 0            ; 0       ; 0         ; 0    ; 0            ; |PROCESSORREAL|Datapath:inst|REGISTERFILE:inst2|RFC8X16REAL:inst|RFC8x16:inst3             ; work         ;
;                |RFC:inst10|   ; 0 (0)             ; 1 (1)        ; 0           ; 0            ; 0       ; 0         ; 0    ; 0            ; |PROCESSORREAL|Datapath:inst|REGISTERFILE:inst2|RFC8X16REAL:inst|RFC8x16:inst3|RFC:inst10  ; work         ;
;                |RFC:inst11|   ; 0 (0)             ; 1 (1)        ; 0           ; 0            ; 0       ; 0         ; 0    ; 0            ; |PROCESSORREAL|Datapath:inst|REGISTERFILE:inst2|RFC8X16REAL:inst|RFC8x16:inst3|RFC:inst11  ; work         ;
;                |RFC:inst12|   ; 0 (0)             ; 1 (1)        ; 0           ; 0            ; 0       ; 0         ; 0    ; 0            ; |PROCESSORREAL|Datapath:inst|REGISTERFILE:inst2|RFC8X16REAL:inst|RFC8x16:inst3|RFC:inst12  ; work         ;
;                |RFC:inst13|   ; 0 (0)             ; 1 (1)        ; 0           ; 0            ; 0       ; 0         ; 0    ; 0            ; |PROCESSORREAL|Datapath:inst|REGISTERFILE:inst2|RFC8X16REAL:inst|RFC8x16:inst3|RFC:inst13  ; work         ;
;                |RFC:inst14|   ; 0 (0)             ; 1 (1)        ; 0           ; 0            ; 0       ; 0         ; 0    ; 0            ; |PROCESSORREAL|Datapath:inst|REGISTERFILE:inst2|RFC8X16REAL:inst|RFC8x16:inst3|RFC:inst14  ; work         ;
;                |RFC:inst15|   ; 0 (0)             ; 1 (1)        ; 0           ; 0            ; 0       ; 0         ; 0    ; 0            ; |PROCESSORREAL|Datapath:inst|REGISTERFILE:inst2|RFC8X16REAL:inst|RFC8x16:inst3|RFC:inst15  ; work         ;
;                |RFC:inst1|    ; 0 (0)             ; 1 (1)        ; 0           ; 0            ; 0       ; 0         ; 0    ; 0            ; |PROCESSORREAL|Datapath:inst|REGISTERFILE:inst2|RFC8X16REAL:inst|RFC8x16:inst3|RFC:inst1   ; work         ;
;                |RFC:inst2|    ; 0 (0)             ; 1 (1)        ; 0           ; 0            ; 0       ; 0         ; 0    ; 0            ; |PROCESSORREAL|Datapath:inst|REGISTERFILE:inst2|RFC8X16REAL:inst|RFC8x16:inst3|RFC:inst2   ; work         ;
;                |RFC:inst3|    ; 0 (0)             ; 1 (1)        ; 0           ; 0            ; 0       ; 0         ; 0    ; 0            ; |PROCESSORREAL|Datapath:inst|REGISTERFILE:inst2|RFC8X16REAL:inst|RFC8x16:inst3|RFC:inst3   ; work         ;
;                |RFC:inst4|    ; 0 (0)             ; 1 (1)        ; 0           ; 0            ; 0       ; 0         ; 0    ; 0            ; |PROCESSORREAL|Datapath:inst|REGISTERFILE:inst2|RFC8X16REAL:inst|RFC8x16:inst3|RFC:inst4   ; work         ;
;                |RFC:inst5|    ; 0 (0)             ; 1 (1)        ; 0           ; 0            ; 0       ; 0         ; 0    ; 0            ; |PROCESSORREAL|Datapath:inst|REGISTERFILE:inst2|RFC8X16REAL:inst|RFC8x16:inst3|RFC:inst5   ; work         ;
;                |RFC:inst6|    ; 0 (0)             ; 1 (1)        ; 0           ; 0            ; 0       ; 0         ; 0    ; 0            ; |PROCESSORREAL|Datapath:inst|REGISTERFILE:inst2|RFC8X16REAL:inst|RFC8x16:inst3|RFC:inst6   ; work         ;
;                |RFC:inst7|    ; 0 (0)             ; 1 (1)        ; 0           ; 0            ; 0       ; 0         ; 0    ; 0            ; |PROCESSORREAL|Datapath:inst|REGISTERFILE:inst2|RFC8X16REAL:inst|RFC8x16:inst3|RFC:inst7   ; work         ;
;                |RFC:inst8|    ; 0 (0)             ; 1 (1)        ; 0           ; 0            ; 0       ; 0         ; 0    ; 0            ; |PROCESSORREAL|Datapath:inst|REGISTERFILE:inst2|RFC8X16REAL:inst|RFC8x16:inst3|RFC:inst8   ; work         ;
;                |RFC:inst9|    ; 0 (0)             ; 1 (1)        ; 0           ; 0            ; 0       ; 0         ; 0    ; 0            ; |PROCESSORREAL|Datapath:inst|REGISTERFILE:inst2|RFC8X16REAL:inst|RFC8x16:inst3|RFC:inst9   ; work         ;
;                |RFC:inst|     ; 0 (0)             ; 1 (1)        ; 0           ; 0            ; 0       ; 0         ; 0    ; 0            ; |PROCESSORREAL|Datapath:inst|REGISTERFILE:inst2|RFC8X16REAL:inst|RFC8x16:inst3|RFC:inst    ; work         ;
;             |RFC8x16:inst4|   ; 0 (0)             ; 16 (0)       ; 0           ; 0            ; 0       ; 0         ; 0    ; 0            ; |PROCESSORREAL|Datapath:inst|REGISTERFILE:inst2|RFC8X16REAL:inst|RFC8x16:inst4             ; work         ;
;                |RFC:inst10|   ; 0 (0)             ; 1 (1)        ; 0           ; 0            ; 0       ; 0         ; 0    ; 0            ; |PROCESSORREAL|Datapath:inst|REGISTERFILE:inst2|RFC8X16REAL:inst|RFC8x16:inst4|RFC:inst10  ; work         ;
;                |RFC:inst11|   ; 0 (0)             ; 1 (1)        ; 0           ; 0            ; 0       ; 0         ; 0    ; 0            ; |PROCESSORREAL|Datapath:inst|REGISTERFILE:inst2|RFC8X16REAL:inst|RFC8x16:inst4|RFC:inst11  ; work         ;
;                |RFC:inst12|   ; 0 (0)             ; 1 (1)        ; 0           ; 0            ; 0       ; 0         ; 0    ; 0            ; |PROCESSORREAL|Datapath:inst|REGISTERFILE:inst2|RFC8X16REAL:inst|RFC8x16:inst4|RFC:inst12  ; work         ;
;                |RFC:inst13|   ; 0 (0)             ; 1 (1)        ; 0           ; 0            ; 0       ; 0         ; 0    ; 0            ; |PROCESSORREAL|Datapath:inst|REGISTERFILE:inst2|RFC8X16REAL:inst|RFC8x16:inst4|RFC:inst13  ; work         ;
;                |RFC:inst14|   ; 0 (0)             ; 1 (1)        ; 0           ; 0            ; 0       ; 0         ; 0    ; 0            ; |PROCESSORREAL|Datapath:inst|REGISTERFILE:inst2|RFC8X16REAL:inst|RFC8x16:inst4|RFC:inst14  ; work         ;
;                |RFC:inst15|   ; 0 (0)             ; 1 (1)        ; 0           ; 0            ; 0       ; 0         ; 0    ; 0            ; |PROCESSORREAL|Datapath:inst|REGISTERFILE:inst2|RFC8X16REAL:inst|RFC8x16:inst4|RFC:inst15  ; work         ;
;                |RFC:inst1|    ; 0 (0)             ; 1 (1)        ; 0           ; 0            ; 0       ; 0         ; 0    ; 0            ; |PROCESSORREAL|Datapath:inst|REGISTERFILE:inst2|RFC8X16REAL:inst|RFC8x16:inst4|RFC:inst1   ; work         ;
;                |RFC:inst2|    ; 0 (0)             ; 1 (1)        ; 0           ; 0            ; 0       ; 0         ; 0    ; 0            ; |PROCESSORREAL|Datapath:inst|REGISTERFILE:inst2|RFC8X16REAL:inst|RFC8x16:inst4|RFC:inst2   ; work         ;
;                |RFC:inst3|    ; 0 (0)             ; 1 (1)        ; 0           ; 0            ; 0       ; 0         ; 0    ; 0            ; |PROCESSORREAL|Datapath:inst|REGISTERFILE:inst2|RFC8X16REAL:inst|RFC8x16:inst4|RFC:inst3   ; work         ;
;                |RFC:inst4|    ; 0 (0)             ; 1 (1)        ; 0           ; 0            ; 0       ; 0         ; 0    ; 0            ; |PROCESSORREAL|Datapath:inst|REGISTERFILE:inst2|RFC8X16REAL:inst|RFC8x16:inst4|RFC:inst4   ; work         ;
;                |RFC:inst5|    ; 0 (0)             ; 1 (1)        ; 0           ; 0            ; 0       ; 0         ; 0    ; 0            ; |PROCESSORREAL|Datapath:inst|REGISTERFILE:inst2|RFC8X16REAL:inst|RFC8x16:inst4|RFC:inst5   ; work         ;
;                |RFC:inst6|    ; 0 (0)             ; 1 (1)        ; 0           ; 0            ; 0       ; 0         ; 0    ; 0            ; |PROCESSORREAL|Datapath:inst|REGISTERFILE:inst2|RFC8X16REAL:inst|RFC8x16:inst4|RFC:inst6   ; work         ;
;                |RFC:inst7|    ; 0 (0)             ; 1 (1)        ; 0           ; 0            ; 0       ; 0         ; 0    ; 0            ; |PROCESSORREAL|Datapath:inst|REGISTERFILE:inst2|RFC8X16REAL:inst|RFC8x16:inst4|RFC:inst7   ; work         ;
;                |RFC:inst8|    ; 0 (0)             ; 1 (1)        ; 0           ; 0            ; 0       ; 0         ; 0    ; 0            ; |PROCESSORREAL|Datapath:inst|REGISTERFILE:inst2|RFC8X16REAL:inst|RFC8x16:inst4|RFC:inst8   ; work         ;
;                |RFC:inst9|    ; 0 (0)             ; 1 (1)        ; 0           ; 0            ; 0       ; 0         ; 0    ; 0            ; |PROCESSORREAL|Datapath:inst|REGISTERFILE:inst2|RFC8X16REAL:inst|RFC8x16:inst4|RFC:inst9   ; work         ;
;                |RFC:inst|     ; 0 (0)             ; 1 (1)        ; 0           ; 0            ; 0       ; 0         ; 0    ; 0            ; |PROCESSORREAL|Datapath:inst|REGISTERFILE:inst2|RFC8X16REAL:inst|RFC8x16:inst4|RFC:inst    ; work         ;
;             |RFC8x16:inst5|   ; 0 (0)             ; 16 (0)       ; 0           ; 0            ; 0       ; 0         ; 0    ; 0            ; |PROCESSORREAL|Datapath:inst|REGISTERFILE:inst2|RFC8X16REAL:inst|RFC8x16:inst5             ; work         ;
;                |RFC:inst10|   ; 0 (0)             ; 1 (1)        ; 0           ; 0            ; 0       ; 0         ; 0    ; 0            ; |PROCESSORREAL|Datapath:inst|REGISTERFILE:inst2|RFC8X16REAL:inst|RFC8x16:inst5|RFC:inst10  ; work         ;
;                |RFC:inst11|   ; 0 (0)             ; 1 (1)        ; 0           ; 0            ; 0       ; 0         ; 0    ; 0            ; |PROCESSORREAL|Datapath:inst|REGISTERFILE:inst2|RFC8X16REAL:inst|RFC8x16:inst5|RFC:inst11  ; work         ;
;                |RFC:inst12|   ; 0 (0)             ; 1 (1)        ; 0           ; 0            ; 0       ; 0         ; 0    ; 0            ; |PROCESSORREAL|Datapath:inst|REGISTERFILE:inst2|RFC8X16REAL:inst|RFC8x16:inst5|RFC:inst12  ; work         ;
;                |RFC:inst13|   ; 0 (0)             ; 1 (1)        ; 0           ; 0            ; 0       ; 0         ; 0    ; 0            ; |PROCESSORREAL|Datapath:inst|REGISTERFILE:inst2|RFC8X16REAL:inst|RFC8x16:inst5|RFC:inst13  ; work         ;
;                |RFC:inst14|   ; 0 (0)             ; 1 (1)        ; 0           ; 0            ; 0       ; 0         ; 0    ; 0            ; |PROCESSORREAL|Datapath:inst|REGISTERFILE:inst2|RFC8X16REAL:inst|RFC8x16:inst5|RFC:inst14  ; work         ;
;                |RFC:inst15|   ; 0 (0)             ; 1 (1)        ; 0           ; 0            ; 0       ; 0         ; 0    ; 0            ; |PROCESSORREAL|Datapath:inst|REGISTERFILE:inst2|RFC8X16REAL:inst|RFC8x16:inst5|RFC:inst15  ; work         ;
;                |RFC:inst1|    ; 0 (0)             ; 1 (1)        ; 0           ; 0            ; 0       ; 0         ; 0    ; 0            ; |PROCESSORREAL|Datapath:inst|REGISTERFILE:inst2|RFC8X16REAL:inst|RFC8x16:inst5|RFC:inst1   ; work         ;
;                |RFC:inst2|    ; 0 (0)             ; 1 (1)        ; 0           ; 0            ; 0       ; 0         ; 0    ; 0            ; |PROCESSORREAL|Datapath:inst|REGISTERFILE:inst2|RFC8X16REAL:inst|RFC8x16:inst5|RFC:inst2   ; work         ;
;                |RFC:inst3|    ; 0 (0)             ; 1 (1)        ; 0           ; 0            ; 0       ; 0         ; 0    ; 0            ; |PROCESSORREAL|Datapath:inst|REGISTERFILE:inst2|RFC8X16REAL:inst|RFC8x16:inst5|RFC:inst3   ; work         ;
;                |RFC:inst4|    ; 0 (0)             ; 1 (1)        ; 0           ; 0            ; 0       ; 0         ; 0    ; 0            ; |PROCESSORREAL|Datapath:inst|REGISTERFILE:inst2|RFC8X16REAL:inst|RFC8x16:inst5|RFC:inst4   ; work         ;
;                |RFC:inst5|    ; 0 (0)             ; 1 (1)        ; 0           ; 0            ; 0       ; 0         ; 0    ; 0            ; |PROCESSORREAL|Datapath:inst|REGISTERFILE:inst2|RFC8X16REAL:inst|RFC8x16:inst5|RFC:inst5   ; work         ;
;                |RFC:inst6|    ; 0 (0)             ; 1 (1)        ; 0           ; 0            ; 0       ; 0         ; 0    ; 0            ; |PROCESSORREAL|Datapath:inst|REGISTERFILE:inst2|RFC8X16REAL:inst|RFC8x16:inst5|RFC:inst6   ; work         ;
;                |RFC:inst7|    ; 0 (0)             ; 1 (1)        ; 0           ; 0            ; 0       ; 0         ; 0    ; 0            ; |PROCESSORREAL|Datapath:inst|REGISTERFILE:inst2|RFC8X16REAL:inst|RFC8x16:inst5|RFC:inst7   ; work         ;
;                |RFC:inst8|    ; 0 (0)             ; 1 (1)        ; 0           ; 0            ; 0       ; 0         ; 0    ; 0            ; |PROCESSORREAL|Datapath:inst|REGISTERFILE:inst2|RFC8X16REAL:inst|RFC8x16:inst5|RFC:inst8   ; work         ;
;                |RFC:inst9|    ; 0 (0)             ; 1 (1)        ; 0           ; 0            ; 0       ; 0         ; 0    ; 0            ; |PROCESSORREAL|Datapath:inst|REGISTERFILE:inst2|RFC8X16REAL:inst|RFC8x16:inst5|RFC:inst9   ; work         ;
;                |RFC:inst|     ; 0 (0)             ; 1 (1)        ; 0           ; 0            ; 0       ; 0         ; 0    ; 0            ; |PROCESSORREAL|Datapath:inst|REGISTERFILE:inst2|RFC8X16REAL:inst|RFC8x16:inst5|RFC:inst    ; work         ;
;             |RFC8x16:inst6|   ; 0 (0)             ; 16 (0)       ; 0           ; 0            ; 0       ; 0         ; 0    ; 0            ; |PROCESSORREAL|Datapath:inst|REGISTERFILE:inst2|RFC8X16REAL:inst|RFC8x16:inst6             ; work         ;
;                |RFC:inst10|   ; 0 (0)             ; 1 (1)        ; 0           ; 0            ; 0       ; 0         ; 0    ; 0            ; |PROCESSORREAL|Datapath:inst|REGISTERFILE:inst2|RFC8X16REAL:inst|RFC8x16:inst6|RFC:inst10  ; work         ;
;                |RFC:inst11|   ; 0 (0)             ; 1 (1)        ; 0           ; 0            ; 0       ; 0         ; 0    ; 0            ; |PROCESSORREAL|Datapath:inst|REGISTERFILE:inst2|RFC8X16REAL:inst|RFC8x16:inst6|RFC:inst11  ; work         ;
;                |RFC:inst12|   ; 0 (0)             ; 1 (1)        ; 0           ; 0            ; 0       ; 0         ; 0    ; 0            ; |PROCESSORREAL|Datapath:inst|REGISTERFILE:inst2|RFC8X16REAL:inst|RFC8x16:inst6|RFC:inst12  ; work         ;
;                |RFC:inst13|   ; 0 (0)             ; 1 (1)        ; 0           ; 0            ; 0       ; 0         ; 0    ; 0            ; |PROCESSORREAL|Datapath:inst|REGISTERFILE:inst2|RFC8X16REAL:inst|RFC8x16:inst6|RFC:inst13  ; work         ;
;                |RFC:inst14|   ; 0 (0)             ; 1 (1)        ; 0           ; 0            ; 0       ; 0         ; 0    ; 0            ; |PROCESSORREAL|Datapath:inst|REGISTERFILE:inst2|RFC8X16REAL:inst|RFC8x16:inst6|RFC:inst14  ; work         ;
;                |RFC:inst15|   ; 0 (0)             ; 1 (1)        ; 0           ; 0            ; 0       ; 0         ; 0    ; 0            ; |PROCESSORREAL|Datapath:inst|REGISTERFILE:inst2|RFC8X16REAL:inst|RFC8x16:inst6|RFC:inst15  ; work         ;
;                |RFC:inst1|    ; 0 (0)             ; 1 (1)        ; 0           ; 0            ; 0       ; 0         ; 0    ; 0            ; |PROCESSORREAL|Datapath:inst|REGISTERFILE:inst2|RFC8X16REAL:inst|RFC8x16:inst6|RFC:inst1   ; work         ;
;                |RFC:inst2|    ; 0 (0)             ; 1 (1)        ; 0           ; 0            ; 0       ; 0         ; 0    ; 0            ; |PROCESSORREAL|Datapath:inst|REGISTERFILE:inst2|RFC8X16REAL:inst|RFC8x16:inst6|RFC:inst2   ; work         ;
;                |RFC:inst3|    ; 0 (0)             ; 1 (1)        ; 0           ; 0            ; 0       ; 0         ; 0    ; 0            ; |PROCESSORREAL|Datapath:inst|REGISTERFILE:inst2|RFC8X16REAL:inst|RFC8x16:inst6|RFC:inst3   ; work         ;
;                |RFC:inst4|    ; 0 (0)             ; 1 (1)        ; 0           ; 0            ; 0       ; 0         ; 0    ; 0            ; |PROCESSORREAL|Datapath:inst|REGISTERFILE:inst2|RFC8X16REAL:inst|RFC8x16:inst6|RFC:inst4   ; work         ;
;                |RFC:inst5|    ; 0 (0)             ; 1 (1)        ; 0           ; 0            ; 0       ; 0         ; 0    ; 0            ; |PROCESSORREAL|Datapath:inst|REGISTERFILE:inst2|RFC8X16REAL:inst|RFC8x16:inst6|RFC:inst5   ; work         ;
;                |RFC:inst6|    ; 0 (0)             ; 1 (1)        ; 0           ; 0            ; 0       ; 0         ; 0    ; 0            ; |PROCESSORREAL|Datapath:inst|REGISTERFILE:inst2|RFC8X16REAL:inst|RFC8x16:inst6|RFC:inst6   ; work         ;
;                |RFC:inst7|    ; 0 (0)             ; 1 (1)        ; 0           ; 0            ; 0       ; 0         ; 0    ; 0            ; |PROCESSORREAL|Datapath:inst|REGISTERFILE:inst2|RFC8X16REAL:inst|RFC8x16:inst6|RFC:inst7   ; work         ;
;                |RFC:inst8|    ; 0 (0)             ; 1 (1)        ; 0           ; 0            ; 0       ; 0         ; 0    ; 0            ; |PROCESSORREAL|Datapath:inst|REGISTERFILE:inst2|RFC8X16REAL:inst|RFC8x16:inst6|RFC:inst8   ; work         ;
;                |RFC:inst9|    ; 0 (0)             ; 1 (1)        ; 0           ; 0            ; 0       ; 0         ; 0    ; 0            ; |PROCESSORREAL|Datapath:inst|REGISTERFILE:inst2|RFC8X16REAL:inst|RFC8x16:inst6|RFC:inst9   ; work         ;
;                |RFC:inst|     ; 0 (0)             ; 1 (1)        ; 0           ; 0            ; 0       ; 0         ; 0    ; 0            ; |PROCESSORREAL|Datapath:inst|REGISTERFILE:inst2|RFC8X16REAL:inst|RFC8x16:inst6|RFC:inst    ; work         ;
;             |RFC8x16:inst99|  ; 0 (0)             ; 16 (0)       ; 0           ; 0            ; 0       ; 0         ; 0    ; 0            ; |PROCESSORREAL|Datapath:inst|REGISTERFILE:inst2|RFC8X16REAL:inst|RFC8x16:inst99            ; work         ;
;                |RFC:inst10|   ; 0 (0)             ; 1 (1)        ; 0           ; 0            ; 0       ; 0         ; 0    ; 0            ; |PROCESSORREAL|Datapath:inst|REGISTERFILE:inst2|RFC8X16REAL:inst|RFC8x16:inst99|RFC:inst10 ; work         ;
;                |RFC:inst11|   ; 0 (0)             ; 1 (1)        ; 0           ; 0            ; 0       ; 0         ; 0    ; 0            ; |PROCESSORREAL|Datapath:inst|REGISTERFILE:inst2|RFC8X16REAL:inst|RFC8x16:inst99|RFC:inst11 ; work         ;
;                |RFC:inst12|   ; 0 (0)             ; 1 (1)        ; 0           ; 0            ; 0       ; 0         ; 0    ; 0            ; |PROCESSORREAL|Datapath:inst|REGISTERFILE:inst2|RFC8X16REAL:inst|RFC8x16:inst99|RFC:inst12 ; work         ;
;                |RFC:inst13|   ; 0 (0)             ; 1 (1)        ; 0           ; 0            ; 0       ; 0         ; 0    ; 0            ; |PROCESSORREAL|Datapath:inst|REGISTERFILE:inst2|RFC8X16REAL:inst|RFC8x16:inst99|RFC:inst13 ; work         ;
;                |RFC:inst14|   ; 0 (0)             ; 1 (1)        ; 0           ; 0            ; 0       ; 0         ; 0    ; 0            ; |PROCESSORREAL|Datapath:inst|REGISTERFILE:inst2|RFC8X16REAL:inst|RFC8x16:inst99|RFC:inst14 ; work         ;
;                |RFC:inst15|   ; 0 (0)             ; 1 (1)        ; 0           ; 0            ; 0       ; 0         ; 0    ; 0            ; |PROCESSORREAL|Datapath:inst|REGISTERFILE:inst2|RFC8X16REAL:inst|RFC8x16:inst99|RFC:inst15 ; work         ;
;                |RFC:inst1|    ; 0 (0)             ; 1 (1)        ; 0           ; 0            ; 0       ; 0         ; 0    ; 0            ; |PROCESSORREAL|Datapath:inst|REGISTERFILE:inst2|RFC8X16REAL:inst|RFC8x16:inst99|RFC:inst1  ; work         ;
;                |RFC:inst2|    ; 0 (0)             ; 1 (1)        ; 0           ; 0            ; 0       ; 0         ; 0    ; 0            ; |PROCESSORREAL|Datapath:inst|REGISTERFILE:inst2|RFC8X16REAL:inst|RFC8x16:inst99|RFC:inst2  ; work         ;
;                |RFC:inst3|    ; 0 (0)             ; 1 (1)        ; 0           ; 0            ; 0       ; 0         ; 0    ; 0            ; |PROCESSORREAL|Datapath:inst|REGISTERFILE:inst2|RFC8X16REAL:inst|RFC8x16:inst99|RFC:inst3  ; work         ;
;                |RFC:inst4|    ; 0 (0)             ; 1 (1)        ; 0           ; 0            ; 0       ; 0         ; 0    ; 0            ; |PROCESSORREAL|Datapath:inst|REGISTERFILE:inst2|RFC8X16REAL:inst|RFC8x16:inst99|RFC:inst4  ; work         ;
;                |RFC:inst5|    ; 0 (0)             ; 1 (1)        ; 0           ; 0            ; 0       ; 0         ; 0    ; 0            ; |PROCESSORREAL|Datapath:inst|REGISTERFILE:inst2|RFC8X16REAL:inst|RFC8x16:inst99|RFC:inst5  ; work         ;
;                |RFC:inst6|    ; 0 (0)             ; 1 (1)        ; 0           ; 0            ; 0       ; 0         ; 0    ; 0            ; |PROCESSORREAL|Datapath:inst|REGISTERFILE:inst2|RFC8X16REAL:inst|RFC8x16:inst99|RFC:inst6  ; work         ;
;                |RFC:inst7|    ; 0 (0)             ; 1 (1)        ; 0           ; 0            ; 0       ; 0         ; 0    ; 0            ; |PROCESSORREAL|Datapath:inst|REGISTERFILE:inst2|RFC8X16REAL:inst|RFC8x16:inst99|RFC:inst7  ; work         ;
;                |RFC:inst8|    ; 0 (0)             ; 1 (1)        ; 0           ; 0            ; 0       ; 0         ; 0    ; 0            ; |PROCESSORREAL|Datapath:inst|REGISTERFILE:inst2|RFC8X16REAL:inst|RFC8x16:inst99|RFC:inst8  ; work         ;
;                |RFC:inst9|    ; 0 (0)             ; 1 (1)        ; 0           ; 0            ; 0       ; 0         ; 0    ; 0            ; |PROCESSORREAL|Datapath:inst|REGISTERFILE:inst2|RFC8X16REAL:inst|RFC8x16:inst99|RFC:inst9  ; work         ;
;                |RFC:inst|     ; 0 (0)             ; 1 (1)        ; 0           ; 0            ; 0       ; 0         ; 0    ; 0            ; |PROCESSORREAL|Datapath:inst|REGISTERFILE:inst2|RFC8X16REAL:inst|RFC8x16:inst99|RFC:inst   ; work         ;
;             |RFC8x16:inst|    ; 0 (0)             ; 16 (0)       ; 0           ; 0            ; 0       ; 0         ; 0    ; 0            ; |PROCESSORREAL|Datapath:inst|REGISTERFILE:inst2|RFC8X16REAL:inst|RFC8x16:inst              ; work         ;
;                |RFC:inst10|   ; 0 (0)             ; 1 (1)        ; 0           ; 0            ; 0       ; 0         ; 0    ; 0            ; |PROCESSORREAL|Datapath:inst|REGISTERFILE:inst2|RFC8X16REAL:inst|RFC8x16:inst|RFC:inst10   ; work         ;
;                |RFC:inst11|   ; 0 (0)             ; 1 (1)        ; 0           ; 0            ; 0       ; 0         ; 0    ; 0            ; |PROCESSORREAL|Datapath:inst|REGISTERFILE:inst2|RFC8X16REAL:inst|RFC8x16:inst|RFC:inst11   ; work         ;
;                |RFC:inst12|   ; 0 (0)             ; 1 (1)        ; 0           ; 0            ; 0       ; 0         ; 0    ; 0            ; |PROCESSORREAL|Datapath:inst|REGISTERFILE:inst2|RFC8X16REAL:inst|RFC8x16:inst|RFC:inst12   ; work         ;
;                |RFC:inst13|   ; 0 (0)             ; 1 (1)        ; 0           ; 0            ; 0       ; 0         ; 0    ; 0            ; |PROCESSORREAL|Datapath:inst|REGISTERFILE:inst2|RFC8X16REAL:inst|RFC8x16:inst|RFC:inst13   ; work         ;
;                |RFC:inst14|   ; 0 (0)             ; 1 (1)        ; 0           ; 0            ; 0       ; 0         ; 0    ; 0            ; |PROCESSORREAL|Datapath:inst|REGISTERFILE:inst2|RFC8X16REAL:inst|RFC8x16:inst|RFC:inst14   ; work         ;
;                |RFC:inst15|   ; 0 (0)             ; 1 (1)        ; 0           ; 0            ; 0       ; 0         ; 0    ; 0            ; |PROCESSORREAL|Datapath:inst|REGISTERFILE:inst2|RFC8X16REAL:inst|RFC8x16:inst|RFC:inst15   ; work         ;
;                |RFC:inst1|    ; 0 (0)             ; 1 (1)        ; 0           ; 0            ; 0       ; 0         ; 0    ; 0            ; |PROCESSORREAL|Datapath:inst|REGISTERFILE:inst2|RFC8X16REAL:inst|RFC8x16:inst|RFC:inst1    ; work         ;
;                |RFC:inst2|    ; 0 (0)             ; 1 (1)        ; 0           ; 0            ; 0       ; 0         ; 0    ; 0            ; |PROCESSORREAL|Datapath:inst|REGISTERFILE:inst2|RFC8X16REAL:inst|RFC8x16:inst|RFC:inst2    ; work         ;
;                |RFC:inst3|    ; 0 (0)             ; 1 (1)        ; 0           ; 0            ; 0       ; 0         ; 0    ; 0            ; |PROCESSORREAL|Datapath:inst|REGISTERFILE:inst2|RFC8X16REAL:inst|RFC8x16:inst|RFC:inst3    ; work         ;
;                |RFC:inst4|    ; 0 (0)             ; 1 (1)        ; 0           ; 0            ; 0       ; 0         ; 0    ; 0            ; |PROCESSORREAL|Datapath:inst|REGISTERFILE:inst2|RFC8X16REAL:inst|RFC8x16:inst|RFC:inst4    ; work         ;
;                |RFC:inst5|    ; 0 (0)             ; 1 (1)        ; 0           ; 0            ; 0       ; 0         ; 0    ; 0            ; |PROCESSORREAL|Datapath:inst|REGISTERFILE:inst2|RFC8X16REAL:inst|RFC8x16:inst|RFC:inst5    ; work         ;
;                |RFC:inst6|    ; 0 (0)             ; 1 (1)        ; 0           ; 0            ; 0       ; 0         ; 0    ; 0            ; |PROCESSORREAL|Datapath:inst|REGISTERFILE:inst2|RFC8X16REAL:inst|RFC8x16:inst|RFC:inst6    ; work         ;
;                |RFC:inst7|    ; 0 (0)             ; 1 (1)        ; 0           ; 0            ; 0       ; 0         ; 0    ; 0            ; |PROCESSORREAL|Datapath:inst|REGISTERFILE:inst2|RFC8X16REAL:inst|RFC8x16:inst|RFC:inst7    ; work         ;
;                |RFC:inst8|    ; 0 (0)             ; 1 (1)        ; 0           ; 0            ; 0       ; 0         ; 0    ; 0            ; |PROCESSORREAL|Datapath:inst|REGISTERFILE:inst2|RFC8X16REAL:inst|RFC8x16:inst|RFC:inst8    ; work         ;
;                |RFC:inst9|    ; 0 (0)             ; 1 (1)        ; 0           ; 0            ; 0       ; 0         ; 0    ; 0            ; |PROCESSORREAL|Datapath:inst|REGISTERFILE:inst2|RFC8X16REAL:inst|RFC8x16:inst|RFC:inst9    ; work         ;
;                |RFC:inst|     ; 0 (0)             ; 1 (1)        ; 0           ; 0            ; 0       ; 0         ; 0    ; 0            ; |PROCESSORREAL|Datapath:inst|REGISTERFILE:inst2|RFC8X16REAL:inst|RFC8x16:inst|RFC:inst     ; work         ;
;          |decoder3to8:inst1|  ; 10 (10)           ; 0 (0)        ; 0           ; 0            ; 0       ; 0         ; 0    ; 0            ; |PROCESSORREAL|Datapath:inst|REGISTERFILE:inst2|decoder3to8:inst1                          ; work         ;
;       |mux2116:inst|          ; 16 (16)           ; 0 (0)        ; 0           ; 0            ; 0       ; 0         ; 0    ; 0            ; |PROCESSORREAL|Datapath:inst|mux2116:inst                                                  ; work         ;
;       |shilftleft:inst4|      ; 39 (0)            ; 0 (0)        ; 0           ; 0            ; 0       ; 0         ; 0    ; 0            ; |PROCESSORREAL|Datapath:inst|shilftleft:inst4                                              ; work         ;
;          |21mux:inst10|       ; 2 (2)             ; 0 (0)        ; 0           ; 0            ; 0       ; 0         ; 0    ; 0            ; |PROCESSORREAL|Datapath:inst|shilftleft:inst4|21mux:inst10                                 ; work         ;
;          |21mux:inst11|       ; 3 (3)             ; 0 (0)        ; 0           ; 0            ; 0       ; 0         ; 0    ; 0            ; |PROCESSORREAL|Datapath:inst|shilftleft:inst4|21mux:inst11                                 ; work         ;
;          |21mux:inst12|       ; 2 (2)             ; 0 (0)        ; 0           ; 0            ; 0       ; 0         ; 0    ; 0            ; |PROCESSORREAL|Datapath:inst|shilftleft:inst4|21mux:inst12                                 ; work         ;
;          |21mux:inst13|       ; 2 (2)             ; 0 (0)        ; 0           ; 0            ; 0       ; 0         ; 0    ; 0            ; |PROCESSORREAL|Datapath:inst|shilftleft:inst4|21mux:inst13                                 ; work         ;
;          |21mux:inst18|       ; 2 (2)             ; 0 (0)        ; 0           ; 0            ; 0       ; 0         ; 0    ; 0            ; |PROCESSORREAL|Datapath:inst|shilftleft:inst4|21mux:inst18                                 ; work         ;
;          |21mux:inst27|       ; 2 (2)             ; 0 (0)        ; 0           ; 0            ; 0       ; 0         ; 0    ; 0            ; |PROCESSORREAL|Datapath:inst|shilftleft:inst4|21mux:inst27                                 ; work         ;
;          |21mux:inst28|       ; 2 (2)             ; 0 (0)        ; 0           ; 0            ; 0       ; 0         ; 0    ; 0            ; |PROCESSORREAL|Datapath:inst|shilftleft:inst4|21mux:inst28                                 ; work         ;
;          |21mux:inst29|       ; 3 (3)             ; 0 (0)        ; 0           ; 0            ; 0       ; 0         ; 0    ; 0            ; |PROCESSORREAL|Datapath:inst|shilftleft:inst4|21mux:inst29                                 ; work         ;
;          |21mux:inst30|       ; 4 (4)             ; 0 (0)        ; 0           ; 0            ; 0       ; 0         ; 0    ; 0            ; |PROCESSORREAL|Datapath:inst|shilftleft:inst4|21mux:inst30                                 ; work         ;
;          |21mux:inst31|       ; 3 (3)             ; 0 (0)        ; 0           ; 0            ; 0       ; 0         ; 0    ; 0            ; |PROCESSORREAL|Datapath:inst|shilftleft:inst4|21mux:inst31                                 ; work         ;
;          |21mux:inst32|       ; 2 (2)             ; 0 (0)        ; 0           ; 0            ; 0       ; 0         ; 0    ; 0            ; |PROCESSORREAL|Datapath:inst|shilftleft:inst4|21mux:inst32                                 ; work         ;
;          |21mux:inst33|       ; 2 (2)             ; 0 (0)        ; 0           ; 0            ; 0       ; 0         ; 0    ; 0            ; |PROCESSORREAL|Datapath:inst|shilftleft:inst4|21mux:inst33                                 ; work         ;
;          |21mux:inst34|       ; 3 (3)             ; 0 (0)        ; 0           ; 0            ; 0       ; 0         ; 0    ; 0            ; |PROCESSORREAL|Datapath:inst|shilftleft:inst4|21mux:inst34                                 ; work         ;
;          |21mux:inst35|       ; 5 (5)             ; 0 (0)        ; 0           ; 0            ; 0       ; 0         ; 0    ; 0            ; |PROCESSORREAL|Datapath:inst|shilftleft:inst4|21mux:inst35                                 ; work         ;
;          |21mux:inst8|        ; 1 (1)             ; 0 (0)        ; 0           ; 0            ; 0       ; 0         ; 0    ; 0            ; |PROCESSORREAL|Datapath:inst|shilftleft:inst4|21mux:inst8                                  ; work         ;
;          |21mux:inst9|        ; 1 (1)             ; 0 (0)        ; 0           ; 0            ; 0       ; 0         ; 0    ; 0            ; |PROCESSORREAL|Datapath:inst|shilftleft:inst4|21mux:inst9                                  ; work         ;
;    |PC:inst2|                 ; 39 (6)            ; 16 (0)       ; 0           ; 0            ; 0       ; 0         ; 0    ; 0            ; |PROCESSORREAL|PC:inst2                                                                    ; work         ;
;       |AU:inst6|              ; 17 (0)            ; 0 (0)        ; 0           ; 0            ; 0       ; 0         ; 0    ; 0            ; |PROCESSORREAL|PC:inst2|AU:inst6                                                           ; work         ;
;          |fa1bit:inst12|      ; 2 (2)             ; 0 (0)        ; 0           ; 0            ; 0       ; 0         ; 0    ; 0            ; |PROCESSORREAL|PC:inst2|AU:inst6|fa1bit:inst12                                             ; work         ;
;          |fa1bit:inst13|      ; 1 (1)             ; 0 (0)        ; 0           ; 0            ; 0       ; 0         ; 0    ; 0            ; |PROCESSORREAL|PC:inst2|AU:inst6|fa1bit:inst13                                             ; work         ;
;          |fa1bit:inst14|      ; 1 (1)             ; 0 (0)        ; 0           ; 0            ; 0       ; 0         ; 0    ; 0            ; |PROCESSORREAL|PC:inst2|AU:inst6|fa1bit:inst14                                             ; work         ;
;          |fa1bit:inst15|      ; 2 (2)             ; 0 (0)        ; 0           ; 0            ; 0       ; 0         ; 0    ; 0            ; |PROCESSORREAL|PC:inst2|AU:inst6|fa1bit:inst15                                             ; work         ;
;          |fa1bit:inst16|      ; 1 (1)             ; 0 (0)        ; 0           ; 0            ; 0       ; 0         ; 0    ; 0            ; |PROCESSORREAL|PC:inst2|AU:inst6|fa1bit:inst16                                             ; work         ;
;          |fa1bit:inst17|      ; 1 (1)             ; 0 (0)        ; 0           ; 0            ; 0       ; 0         ; 0    ; 0            ; |PROCESSORREAL|PC:inst2|AU:inst6|fa1bit:inst17                                             ; work         ;
;          |fa1bit:inst18|      ; 2 (2)             ; 0 (0)        ; 0           ; 0            ; 0       ; 0         ; 0    ; 0            ; |PROCESSORREAL|PC:inst2|AU:inst6|fa1bit:inst18                                             ; work         ;
;          |fa1bit:inst19|      ; 2 (2)             ; 0 (0)        ; 0           ; 0            ; 0       ; 0         ; 0    ; 0            ; |PROCESSORREAL|PC:inst2|AU:inst6|fa1bit:inst19                                             ; work         ;
;          |fa1bit:inst21|      ; 1 (1)             ; 0 (0)        ; 0           ; 0            ; 0       ; 0         ; 0    ; 0            ; |PROCESSORREAL|PC:inst2|AU:inst6|fa1bit:inst21                                             ; work         ;
;          |fa1bit:inst24|      ; 1 (1)             ; 0 (0)        ; 0           ; 0            ; 0       ; 0         ; 0    ; 0            ; |PROCESSORREAL|PC:inst2|AU:inst6|fa1bit:inst24                                             ; work         ;
;          |fa1bit:inst3|       ; 1 (1)             ; 0 (0)        ; 0           ; 0            ; 0       ; 0         ; 0    ; 0            ; |PROCESSORREAL|PC:inst2|AU:inst6|fa1bit:inst3                                              ; work         ;
;          |fa1bit:inst|        ; 2 (2)             ; 0 (0)        ; 0           ; 0            ; 0       ; 0         ; 0    ; 0            ; |PROCESSORREAL|PC:inst2|AU:inst6|fa1bit:inst                                               ; work         ;
;       |REG16BIT:inst3|        ; 0 (0)             ; 16 (16)      ; 0           ; 0            ; 0       ; 0         ; 0    ; 0            ; |PROCESSORREAL|PC:inst2|REG16BIT:inst3                                                     ; work         ;
;       |mux2116:inst2|         ; 16 (16)           ; 0 (0)        ; 0           ; 0            ; 0       ; 0         ; 0    ; 0            ; |PROCESSORREAL|PC:inst2|mux2116:inst2                                                      ; work         ;
+-------------------------------+-------------------+--------------+-------------+--------------+---------+-----------+------+--------------+--------------------------------------------------------------------------------------------+--------------+
Note: For table entries with two numbers listed, the numbers in parentheses indicate the number of resources of the given type used by the specific entity alone. The numbers listed outside of parentheses indicate the total resources of the given type used by the specific entity and all of its sub-entities in the hierarchy.


+------------------------------------------------------+
; General Register Statistics                          ;
+----------------------------------------------+-------+
; Statistic                                    ; Value ;
+----------------------------------------------+-------+
; Total registers                              ; 161   ;
; Number of registers using Synchronous Clear  ; 0     ;
; Number of registers using Synchronous Load   ; 0     ;
; Number of registers using Asynchronous Clear ; 0     ;
; Number of registers using Asynchronous Load  ; 0     ;
; Number of registers using Clock Enable       ; 128   ;
; Number of registers using Preset             ; 0     ;
+----------------------------------------------+-------+


+------------------------------------------------------------------------------------------------------------------------------------------------------------------------------------------+
; Multiplexer Restructuring Statistics (Restructuring Performed)                                                                                                                           ;
+--------------------+-----------+---------------+----------------------+------------------------+------------+----------------------------------------------------------------------------+
; Multiplexer Inputs ; Bus Width ; Baseline Area ; Area if Restructured ; Saving if Restructured ; Registered ; Example Multiplexer Output                                                 ;
+--------------------+-----------+---------------+----------------------+------------------------+------------+----------------------------------------------------------------------------+
; 4:1                ; 15 bits   ; 30 LEs        ; 30 LEs               ; 0 LEs                  ; No         ; |PROCESSORREAL|Datapath:inst|ALU:inst8|mux2116:inst2|inst4[13]             ;
; 32:1               ; 16 bits   ; 336 LEs       ; 80 LEs               ; 256 LEs                ; No         ; |PROCESSORREAL|Datapath:inst|REGISTERFILE:inst2|RFC8X16REAL:inst|OUTBB[13] ;
; 56:1               ; 16 bits   ; 592 LEs       ; 80 LEs               ; 512 LEs                ; No         ; |PROCESSORREAL|Datapath:inst|REGISTERFILE:inst2|RFC8X16REAL:inst|OUTAA[14] ;
+--------------------+-----------+---------------+----------------------+------------------------+------------+----------------------------------------------------------------------------+


+-------------------------------+
; Elapsed Time Per Partition    ;
+----------------+--------------+
; Partition Name ; Elapsed Time ;
+----------------+--------------+
; Top            ; 00:00:03     ;
+----------------+--------------+


+-------------------------------+
; Analysis & Synthesis Messages ;
+-------------------------------+
Info: *******************************************************************
Info: Running Quartus II 64-Bit Analysis & Synthesis
    Info: Version 13.0.1 Build 232 06/12/2013 Service Pack 1 SJ Web Edition
    Info: Processing started: Sun Apr 05 13:26:32 2026
Info: Command: quartus_map --read_settings_files=on --write_settings_files=off lab3 -c lab3
Info (20030): Parallel compilation is enabled and will use 12 of the 12 processors detected
Info (12021): Found 1 design units, including 1 entities, in source file registerfile.bdf
    Info (12023): Found entity 1: REGISTERFILE
Info (12021): Found 1 design units, including 1 entities, in source file fa1bit.bdf
    Info (12023): Found entity 1: fa1bit
Info (12021): Found 1 design units, including 1 entities, in source file lab3.bdf
    Info (12023): Found entity 1: lab3
Info (12021): Found 1 design units, including 1 entities, in source file mux2116.bdf
    Info (12023): Found entity 1: mux2116
Info (12021): Found 1 design units, including 1 entities, in source file mux4116.bdf
    Info (12023): Found entity 1: mux4116
Info (12021): Found 1 design units, including 1 entities, in source file test.bdf
    Info (12023): Found entity 1: TEST
Info (12021): Found 1 design units, including 1 entities, in source file fa16bit.bdf
    Info (12023): Found entity 1: fa16bit
Info (12021): Found 1 design units, including 1 entities, in source file au.bdf
    Info (12023): Found entity 1: AU
Info (12021): Found 1 design units, including 1 entities, in source file lu.bdf
    Info (12023): Found entity 1: LU
Info (12021): Found 1 design units, including 1 entities, in source file alu.bdf
    Info (12023): Found entity 1: ALU
Info (12021): Found 1 design units, including 1 entities, in source file rfc.bdf
    Info (12023): Found entity 1: RFC
Info (12021): Found 1 design units, including 1 entities, in source file decoder3to8.bdf
    Info (12023): Found entity 1: decoder3to8
Info (12021): Found 1 design units, including 1 entities, in source file rfc8x16.bdf
    Info (12023): Found entity 1: RFC8x16
Info (12021): Found 1 design units, including 1 entities, in source file rfc8x16real.bdf
    Info (12023): Found entity 1: RFC8X16REAL
Info (12021): Found 1 design units, including 1 entities, in source file shilftleft.bdf
    Info (12023): Found entity 1: shilftleft
Info (12021): Found 1 design units, including 1 entities, in source file reg16bit.bdf
    Info (12023): Found entity 1: REG16BIT
Info (12021): Found 1 design units, including 1 entities, in source file datapath.bdf
    Info (12023): Found entity 1: Datapath
Info (12021): Found 1 design units, including 1 entities, in source file nextstatereal.bdf
    Info (12023): Found entity 1: NEXTSTATEREAL
Info (12021): Found 1 design units, including 1 entities, in source file mahoa.bdf
    Info (12023): Found entity 1: MAHOA
Info (12021): Found 1 design units, including 1 entities, in source file controller.bdf
    Info (12023): Found entity 1: CONTROLLER
Info (12021): Found 1 design units, including 1 entities, in source file processor.bdf
    Info (12023): Found entity 1: PROCESSOR
Info (12021): Found 1 design units, including 1 entities, in source file zero.bdf
    Info (12023): Found entity 1: ZERO
Info (12021): Found 1 design units, including 1 entities, in source file lenhcoban.bdf
    Info (12023): Found entity 1: LENHCOBAN
Info (12021): Found 1 design units, including 1 entities, in source file lenhmorong.bdf
    Info (12023): Found entity 1: LENHMORONG
Info (12021): Found 1 design units, including 1 entities, in source file controllerreal.bdf
    Info (12023): Found entity 1: CONTROLLERREAL
Info (12021): Found 1 design units, including 1 entities, in source file mux213bit.bdf
    Info (12023): Found entity 1: MUX213BIT
Info (12021): Found 1 design units, including 1 entities, in source file pc.bdf
    Info (12023): Found entity 1: PC
Warning (12125): Using design file processorreal.bdf, which is not specified as a design file for the current project, but contains definitions for 1 design units and 1 entities in project
    Info (12023): Found entity 1: PROCESSORREAL
Info (12127): Elaborating entity "PROCESSORREAL" for the top level hierarchy
Info (12128): Elaborating entity "Datapath" for hierarchy "Datapath:inst"
Info (12128): Elaborating entity "shilftleft" for hierarchy "Datapath:inst|shilftleft:inst4"
Warning (275011): Block or symbol "21mux" of instance "inst" overlaps another block or symbol
Info (12128): Elaborating entity "21mux" for hierarchy "Datapath:inst|shilftleft:inst4|21mux:inst8"
Info (12130): Elaborated megafunction instantiation "Datapath:inst|shilftleft:inst4|21mux:inst8"
Info (12128): Elaborating entity "ALU" for hierarchy "Datapath:inst|ALU:inst8"
Info (12128): Elaborating entity "mux2116" for hierarchy "Datapath:inst|ALU:inst8|mux2116:inst2"
Info (12128): Elaborating entity "AU" for hierarchy "Datapath:inst|ALU:inst8|AU:inst"
Info (12128): Elaborating entity "mux4116" for hierarchy "Datapath:inst|ALU:inst8|AU:inst|mux4116:inst5"
Info (12128): Elaborating entity "fa1bit" for hierarchy "Datapath:inst|ALU:inst8|AU:inst|fa1bit:inst22"
Info (12128): Elaborating entity "LU" for hierarchy "Datapath:inst|ALU:inst8|LU:inst1"
Info (12128): Elaborating entity "REGISTERFILE" for hierarchy "Datapath:inst|REGISTERFILE:inst2"
Info (12128): Elaborating entity "RFC8X16REAL" for hierarchy "Datapath:inst|REGISTERFILE:inst2|RFC8X16REAL:inst"
Info (12128): Elaborating entity "RFC8x16" for hierarchy "Datapath:inst|REGISTERFILE:inst2|RFC8X16REAL:inst|RFC8x16:inst1"
Info (12128): Elaborating entity "RFC" for hierarchy "Datapath:inst|REGISTERFILE:inst2|RFC8X16REAL:inst|RFC8x16:inst1|RFC:inst5"
Info (12128): Elaborating entity "decoder3to8" for hierarchy "Datapath:inst|REGISTERFILE:inst2|decoder3to8:inst111"
Info (12128): Elaborating entity "REG16BIT" for hierarchy "Datapath:inst|REG16BIT:inst5"
Info (12128): Elaborating entity "CONTROLLERREAL" for hierarchy "CONTROLLERREAL:inst3"
Info (12128): Elaborating entity "LENHMORONG" for hierarchy "CONTROLLERREAL:inst3|LENHMORONG:inst8"
Info (12128): Elaborating entity "LENHCOBAN" for hierarchy "CONTROLLERREAL:inst3|LENHCOBAN:inst"
Info (12128): Elaborating entity "MUX213BIT" for hierarchy "CONTROLLERREAL:inst3|MUX213BIT:inst1"
Info (12128): Elaborating entity "PC" for hierarchy "PC:inst2"
Info (12128): Elaborating entity "ZERO" for hierarchy "PC:inst2|ZERO:inst"
Warning (13046): Tri-state node(s) do not directly drive top-level pin(s)
    Warning (13048): Converted tri-state node "CONTROLLERREAL:inst3|IE" into a selector
    Warning (13048): Converted tri-state node "CONTROLLERREAL:inst3|OE" into a selector
    Warning (13048): Converted tri-state node "CONTROLLERREAL:inst3|WE" into a selector
    Warning (13048): Converted tri-state node "CONTROLLERREAL:inst3|RE" into a selector
    Warning (13048): Converted tri-state node "CONTROLLERREAL:inst3|BRANCH" into a selector
    Warning (13048): Converted tri-state node "CONTROLLERREAL:inst3|OP[2]" into a selector
    Warning (13048): Converted tri-state node "CONTROLLERREAL:inst3|OP[1]" into a selector
    Warning (13048): Converted tri-state node "CONTROLLERREAL:inst3|OP[0]" into a selector
    Warning (13048): Converted tri-state node "CONTROLLERREAL:inst3|S[1]" into a selector
    Warning (13048): Converted tri-state node "CONTROLLERREAL:inst3|S[0]" into a selector
    Warning (13048): Converted tri-state node "Datapath:inst|REGISTERFILE:inst2|RFC8X16REAL:inst|OUTAA[15]" into a selector
    Warning (13048): Converted tri-state node "Datapath:inst|REGISTERFILE:inst2|RFC8X16REAL:inst|OUTAA[14]" into a selector
    Warning (13048): Converted tri-state node "Datapath:inst|REGISTERFILE:inst2|RFC8X16REAL:inst|OUTAA[13]" into a selector
    Warning (13048): Converted tri-state node "Datapath:inst|REGISTERFILE:inst2|RFC8X16REAL:inst|OUTAA[12]" into a selector
    Warning (13048): Converted tri-state node "Datapath:inst|REGISTERFILE:inst2|RFC8X16REAL:inst|OUTAA[11]" into a selector
    Warning (13048): Converted tri-state node "Datapath:inst|REGISTERFILE:inst2|RFC8X16REAL:inst|OUTAA[10]" into a selector
    Warning (13048): Converted tri-state node "Datapath:inst|REGISTERFILE:inst2|RFC8X16REAL:inst|OUTAA[9]" into a selector
    Warning (13048): Converted tri-state node "Datapath:inst|REGISTERFILE:inst2|RFC8X16REAL:inst|OUTAA[8]" into a selector
    Warning (13048): Converted tri-state node "Datapath:inst|REGISTERFILE:inst2|RFC8X16REAL:inst|OUTAA[7]" into a selector
    Warning (13048): Converted tri-state node "Datapath:inst|REGISTERFILE:inst2|RFC8X16REAL:inst|OUTAA[6]" into a selector
    Warning (13048): Converted tri-state node "Datapath:inst|REGISTERFILE:inst2|RFC8X16REAL:inst|OUTAA[5]" into a selector
    Warning (13048): Converted tri-state node "Datapath:inst|REGISTERFILE:inst2|RFC8X16REAL:inst|OUTAA[4]" into a selector
    Warning (13048): Converted tri-state node "Datapath:inst|REGISTERFILE:inst2|RFC8X16REAL:inst|OUTAA[3]" into a selector
    Warning (13048): Converted tri-state node "Datapath:inst|REGISTERFILE:inst2|RFC8X16REAL:inst|OUTAA[2]" into a selector
    Warning (13048): Converted tri-state node "Datapath:inst|REGISTERFILE:inst2|RFC8X16REAL:inst|OUTAA[1]" into a selector
    Warning (13048): Converted tri-state node "Datapath:inst|REGISTERFILE:inst2|RFC8X16REAL:inst|OUTAA[0]" into a selector
    Warning (13048): Converted tri-state node "Datapath:inst|REGISTERFILE:inst2|RFC8X16REAL:inst|OUTBB[15]" into a selector
    Warning (13048): Converted tri-state node "Datapath:inst|REGISTERFILE:inst2|RFC8X16REAL:inst|OUTBB[14]" into a selector
    Warning (13048): Converted tri-state node "Datapath:inst|REGISTERFILE:inst2|RFC8X16REAL:inst|OUTBB[13]" into a selector
    Warning (13048): Converted tri-state node "Datapath:inst|REGISTERFILE:inst2|RFC8X16REAL:inst|OUTBB[12]" into a selector
    Warning (13048): Converted tri-state node "Datapath:inst|REGISTERFILE:inst2|RFC8X16REAL:inst|OUTBB[11]" into a selector
    Warning (13048): Converted tri-state node "Datapath:inst|REGISTERFILE:inst2|RFC8X16REAL:inst|OUTBB[10]" into a selector
    Warning (13048): Converted tri-state node "Datapath:inst|REGISTERFILE:inst2|RFC8X16REAL:inst|OUTBB[9]" into a selector
    Warning (13048): Converted tri-state node "Datapath:inst|REGISTERFILE:inst2|RFC8X16REAL:inst|OUTBB[8]" into a selector
    Warning (13048): Converted tri-state node "Datapath:inst|REGISTERFILE:inst2|RFC8X16REAL:inst|OUTBB[7]" into a selector
    Warning (13048): Converted tri-state node "Datapath:inst|REGISTERFILE:inst2|RFC8X16REAL:inst|OUTBB[6]" into a selector
    Warning (13048): Converted tri-state node "Datapath:inst|REGISTERFILE:inst2|RFC8X16REAL:inst|OUTBB[5]" into a selector
    Warning (13048): Converted tri-state node "Datapath:inst|REGISTERFILE:inst2|RFC8X16REAL:inst|OUTBB[4]" into a selector
    Warning (13048): Converted tri-state node "Datapath:inst|REGISTERFILE:inst2|RFC8X16REAL:inst|OUTBB[3]" into a selector
    Warning (13048): Converted tri-state node "Datapath:inst|REGISTERFILE:inst2|RFC8X16REAL:inst|OUTBB[2]" into a selector
    Warning (13048): Converted tri-state node "Datapath:inst|REGISTERFILE:inst2|RFC8X16REAL:inst|OUTBB[1]" into a selector
    Warning (13048): Converted tri-state node "Datapath:inst|REGISTERFILE:inst2|RFC8X16REAL:inst|OUTBB[0]" into a selector
Warning (13044): Always-enabled tri-state buffer(s) removed
    Warning (13045): Converted the fanout from the always-enabled tri-state buffer "PC:inst2|REG16BIT:inst3|inst16[15]" to the node "PC_O[15]" into a wire
    Warning (13045): Converted the fanout from the always-enabled tri-state buffer "PC:inst2|REG16BIT:inst3|inst16[14]" to the node "PC_O[14]" into a wire
    Warning (13045): Converted the fanout from the always-enabled tri-state buffer "PC:inst2|REG16BIT:inst3|inst16[13]" to the node "PC_O[13]" into a wire
    Warning (13045): Converted the fanout from the always-enabled tri-state buffer "PC:inst2|REG16BIT:inst3|inst16[12]" to the node "PC_O[12]" into a wire
    Warning (13045): Converted the fanout from the always-enabled tri-state buffer "PC:inst2|REG16BIT:inst3|inst16[11]" to the node "PC_O[11]" into a wire
    Warning (13045): Converted the fanout from the always-enabled tri-state buffer "PC:inst2|REG16BIT:inst3|inst16[10]" to the node "PC_O[10]" into a wire
    Warning (13045): Converted the fanout from the always-enabled tri-state buffer "PC:inst2|REG16BIT:inst3|inst16[9]" to the node "PC_O[9]" into a wire
    Warning (13045): Converted the fanout from the always-enabled tri-state buffer "PC:inst2|REG16BIT:inst3|inst16[8]" to the node "PC_O[8]" into a wire
    Warning (13045): Converted the fanout from the always-enabled tri-state buffer "PC:inst2|REG16BIT:inst3|inst16[7]" to the node "PC_O[7]" into a wire
    Warning (13045): Converted the fanout from the always-enabled tri-state buffer "PC:inst2|REG16BIT:inst3|inst16[6]" to the node "PC_O[6]" into a wire
    Warning (13045): Converted the fanout from the always-enabled tri-state buffer "PC:inst2|REG16BIT:inst3|inst16[5]" to the node "PC_O[5]" into a wire
    Warning (13045): Converted the fanout from the always-enabled tri-state buffer "PC:inst2|REG16BIT:inst3|inst16[4]" to the node "PC_O[4]" into a wire
    Warning (13045): Converted the fanout from the always-enabled tri-state buffer "PC:inst2|REG16BIT:inst3|inst16[3]" to the node "PC_O[3]" into a wire
    Warning (13045): Converted the fanout from the always-enabled tri-state buffer "PC:inst2|REG16BIT:inst3|inst16[2]" to the node "PC_O[2]" into a wire
    Warning (13045): Converted the fanout from the always-enabled tri-state buffer "PC:inst2|REG16BIT:inst3|inst16[1]" to the node "PC_O[1]" into a wire
    Warning (13045): Converted the fanout from the always-enabled tri-state buffer "PC:inst2|REG16BIT:inst3|inst16[0]" to the node "PC_O[0]" into a wire
    Warning (13045): Converted the fanout from the always-enabled tri-state buffer "PC:inst2|REG16BIT:inst3|inst16[15]" to the node "PC:inst2|AU:inst6|fa1bit:inst3|inst1" into a wire
Warning (13046): Tri-state node(s) do not directly drive top-level pin(s)
    Warning (13047): Converted the fan-out from the tri-state buffer "PC:inst2|REG16BIT:inst3|inst16[14]" to the node "PC:inst2|AU:inst6|fa1bit:inst2|inst3" into an OR gate
    Warning (13047): Converted the fan-out from the tri-state buffer "PC:inst2|REG16BIT:inst3|inst16[13]" to the node "PC:inst2|AU:inst6|fa1bit:inst18|inst3" into an OR gate
    Warning (13047): Converted the fan-out from the tri-state buffer "PC:inst2|REG16BIT:inst3|inst16[12]" to the node "PC:inst2|AU:inst6|fa1bit:inst21|inst3" into an OR gate
    Warning (13047): Converted the fan-out from the tri-state buffer "PC:inst2|REG16BIT:inst3|inst16[11]" to the node "PC:inst2|AU:inst6|fa1bit:inst20|inst3" into an OR gate
    Warning (13047): Converted the fan-out from the tri-state buffer "PC:inst2|REG16BIT:inst3|inst16[10]" to the node "PC:inst2|AU:inst6|fa1bit:inst19|inst3" into an OR gate
    Warning (13047): Converted the fan-out from the tri-state buffer "PC:inst2|REG16BIT:inst3|inst16[9]" to the node "PC:inst2|AU:inst6|fa1bit:inst24|inst3" into an OR gate
    Warning (13047): Converted the fan-out from the tri-state buffer "PC:inst2|REG16BIT:inst3|inst16[8]" to the node "PC:inst2|AU:inst6|fa1bit:inst23|inst3" into an OR gate
    Warning (13047): Converted the fan-out from the tri-state buffer "PC:inst2|REG16BIT:inst3|inst16[7]" to the node "PC:inst2|AU:inst6|fa1bit:inst|inst3" into an OR gate
    Warning (13047): Converted the fan-out from the tri-state buffer "PC:inst2|REG16BIT:inst3|inst16[6]" to the node "PC:inst2|AU:inst6|fa1bit:inst16|inst3" into an OR gate
    Warning (13047): Converted the fan-out from the tri-state buffer "PC:inst2|REG16BIT:inst3|inst16[5]" to the node "PC:inst2|AU:inst6|fa1bit:inst17|inst3" into an OR gate
    Warning (13047): Converted the fan-out from the tri-state buffer "PC:inst2|REG16BIT:inst3|inst16[4]" to the node "PC:inst2|AU:inst6|fa1bit:inst15|inst3" into an OR gate
    Warning (13047): Converted the fan-out from the tri-state buffer "PC:inst2|REG16BIT:inst3|inst16[3]" to the node "PC:inst2|AU:inst6|fa1bit:inst14|inst3" into an OR gate
    Warning (13047): Converted the fan-out from the tri-state buffer "PC:inst2|REG16BIT:inst3|inst16[2]" to the node "PC:inst2|AU:inst6|fa1bit:inst13|inst3" into an OR gate
    Warning (13047): Converted the fan-out from the tri-state buffer "PC:inst2|REG16BIT:inst3|inst16[1]" to the node "PC:inst2|AU:inst6|fa1bit:inst12|inst3" into an OR gate
    Warning (13047): Converted the fan-out from the tri-state buffer "PC:inst2|REG16BIT:inst3|inst16[0]" to the node "PC:inst2|AU:inst6|fa1bit:inst12|inst3" into an OR gate
Info (16010): Generating hard_block partition "hard_block:auto_generated_inst"
    Info (16011): Adding 0 node(s), including 0 DDIO, 0 PLL, 0 transceiver and 0 LCELL
Info (21057): Implemented 623 device resources after synthesis - the final resource count might be different
    Info (21058): Implemented 21 input pins
    Info (21059): Implemented 48 output pins
    Info (21061): Implemented 554 logic cells
Info: Quartus II 64-Bit Analysis & Synthesis was successful. 0 errors, 79 warnings
    Info: Peak virtual memory: 4637 megabytes
    Info: Processing ended: Sun Apr 05 13:26:40 2026
    Info: Elapsed time: 00:00:08
    Info: Total CPU time (on all processors): 00:00:06


